<?xml version="1.0" encoding="UTF-8"?>
<testsuite name="alglin.PruebaMatriz" tests="8" skipped="0" failures="0" errors="0" timestamp="2019-10-20T00:42:02" hostname="calvario-Lenovo-YOGA-710-14IKB" time="0.215">
  <properties/>
  <testcase name="probarToString()" classname="alglin.PruebaMatriz" time="0.105"/>
  <testcase name="probarEliminarColumna()" classname="alglin.PruebaMatriz" time="0.016"/>
  <testcase name="probarSuma()" classname="alglin.PruebaMatriz" time="0.01"/>
  <testcase name="probarConstructor()" classname="alglin.PruebaMatriz" time="0.005"/>
  <testcase name="probarObtenerYAsignar()" classname="alglin.PruebaMatriz" time="0.012"/>
  <testcase name="probarEliminarFila()" classname="alglin.PruebaMatriz" time="0.01"/>
  <testcase name="probarEscalar()" classname="alglin.PruebaMatriz" time="0.005"/>
  <testcase name="probarDeterminante()" classname="alglin.PruebaMatriz" time="0.039"/>
  <system-out><![CDATA[]]></system-out>
  <system-err><![CDATA[]]></system-err>
</testsuite>
